2025-08-13 22:21:22 - hodiny2025_manager - INFO - Hodiny2025Manager inicializován pro soubor: /workspaces/hodiny/excel/Hodiny2025.xlsx
2025-08-13 22:21:22 - hodiny2025_manager - INFO - Vytváří se testovací data pro Hodiny2025.xlsx
2025-08-13 22:21:28 - hodiny2025_manager - INFO - Pracovní doba pro 2025-01-02 byla zapsána do listu 01hod25, řádek 4, sloupce E-F-G-M: 07:00-0.5-15:30-3
2025-08-13 22:21:28 - hodiny2025_manager - INFO - ✅ Testovací záznam vytvořen: 2025-01-02
2025-08-13 22:21:34 - hodiny2025_manager - INFO - Pracovní doba pro 2025-01-03 byla zapsána do listu 01hod25, řádek 5, sloupce E-F-G-M: 07:00-1.0-16:00-3
2025-08-13 22:21:34 - hodiny2025_manager - INFO - ✅ Testovací záznam vytvořen: 2025-01-03
2025-08-13 22:21:40 - hodiny2025_manager - INFO - Pracovní doba pro 2025-01-06 byla zapsána do listu 01hod25, řádek 8, sloupce E-F-G-M: 08:00-0.5-16:30-2
2025-08-13 22:21:40 - hodiny2025_manager - INFO - ✅ Testovací záznam vytvořen: 2025-01-06
2025-08-13 22:21:46 - hodiny2025_manager - INFO - Pracovní doba pro 2025-01-07 byla zapsána do listu 01hod25, řádek 9, sloupce E-F-G-M: 07:30-1.0-15:30-4
2025-08-13 22:21:46 - hodiny2025_manager - INFO - ✅ Testovací záznam vytvořen: 2025-01-07
2025-08-13 22:21:52 - hodiny2025_manager - INFO - Pracovní doba pro 2025-01-08 byla zapsána do listu 01hod25, řádek 10, sloupce E-F-G-M: 07:00-1.0-17:00-3
2025-08-13 22:21:52 - hodiny2025_manager - INFO - ✅ Testovací záznam vytvořen: 2025-01-08
2025-08-13 22:21:55 - hodiny2025_manager - INFO - ✅ Vytvořen list pro měsíc 1: 01hod25
2025-08-13 22:21:57 - hodiny2025_manager - INFO - ✅ Vytvořen list pro měsíc 2: 02hod25
2025-08-13 22:22:01 - hodiny2025_manager - INFO - Vytvořen nový list: 03hod25
2025-08-13 22:22:01 - hodiny2025_manager - INFO - ✅ Vytvořen list pro měsíc 3: 03hod25
2025-08-13 22:22:01 - hodiny2025_manager - INFO - Testovací data byla vytvořena!
2025-08-13 22:22:07 - hodiny2025_manager - INFO - Vytvořen nový list: 08hod25
2025-08-13 22:22:08 - hodiny2025_manager - INFO - Pracovní doba pro 2025-08-13 byla zapsána do listu 08hod25, řádek 15, sloupce E-F-G-M: 08:00-1.0-16:30-5
2025-08-13 22:22:14 - hodiny2025_manager - INFO - Vytvořen nový list: 08hod25
2025-08-13 22:22:16 - hodiny2025_manager - INFO - Pracovní doba pro 2025-08-14 byla zapsána do listu 08hod25, řádek 16, sloupce E-F-G-M: 07:00-1.0-18:00-3
2025-08-13 22:22:22 - hodiny2025_manager - INFO - Vytvořen nový list: 08hod25
2025-08-13 22:22:23 - hodiny2025_manager - INFO - Pracovní doba pro 2025-08-15 byla zapsána do listu 08hod25, řádek 17, sloupce E-F-G-M: 00:00-0-00:00-0
2025-08-13 22:22:27 - hodiny2025_manager - INFO - Vytvořen nový list: 08hod25
2025-08-13 22:25:23 - hodiny2025_manager - INFO - Hodiny2025Manager inicializován pro soubor: /workspaces/hodiny/excel/Hodiny2025.xlsx
2025-08-13 22:25:23 - hodiny2025_manager - INFO - Vytváří se testovací data pro Hodiny2025.xlsx
2025-08-13 22:25:29 - hodiny2025_manager - INFO - Pracovní doba pro 2025-01-02 byla zapsána do listu 01hod25, řádek 4, sloupce E-F-G-M: 07:00-0.5-15:30-3
2025-08-13 22:25:29 - hodiny2025_manager - INFO - ✅ Testovací záznam vytvořen: 2025-01-02
2025-08-13 22:25:35 - hodiny2025_manager - INFO - Pracovní doba pro 2025-01-03 byla zapsána do listu 01hod25, řádek 5, sloupce E-F-G-M: 07:00-1.0-16:00-3
2025-08-13 22:25:35 - hodiny2025_manager - INFO - ✅ Testovací záznam vytvořen: 2025-01-03
2025-08-13 22:25:42 - hodiny2025_manager - INFO - Pracovní doba pro 2025-01-06 byla zapsána do listu 01hod25, řádek 8, sloupce E-F-G-M: 08:00-0.5-16:30-2
2025-08-13 22:25:42 - hodiny2025_manager - INFO - ✅ Testovací záznam vytvořen: 2025-01-06
2025-08-13 22:25:48 - hodiny2025_manager - INFO - Pracovní doba pro 2025-01-07 byla zapsána do listu 01hod25, řádek 9, sloupce E-F-G-M: 07:30-1.0-15:30-4
2025-08-13 22:25:48 - hodiny2025_manager - INFO - ✅ Testovací záznam vytvořen: 2025-01-07
2025-08-13 22:25:54 - hodiny2025_manager - INFO - Pracovní doba pro 2025-01-08 byla zapsána do listu 01hod25, řádek 10, sloupce E-F-G-M: 07:00-1.0-17:00-3
2025-08-13 22:25:54 - hodiny2025_manager - INFO - ✅ Testovací záznam vytvořen: 2025-01-08
2025-08-13 22:25:56 - hodiny2025_manager - INFO - ✅ Vytvořen list pro měsíc 1: 01hod25
2025-08-13 22:25:59 - hodiny2025_manager - INFO - ✅ Vytvořen list pro měsíc 2: 02hod25
2025-08-13 22:26:01 - hodiny2025_manager - INFO - ✅ Vytvořen list pro měsíc 3: 03hod25
2025-08-13 22:26:01 - hodiny2025_manager - INFO - Testovací data byla vytvořena!
2025-08-13 22:26:07 - hodiny2025_manager - INFO - Pracovní doba pro 2025-08-13 byla zapsána do listu 08hod25, řádek 15, sloupce E-F-G-M: 08:00-1.0-16:30-5
2025-08-13 22:26:13 - hodiny2025_manager - INFO - Pracovní doba pro 2025-08-14 byla zapsána do listu 08hod25, řádek 16, sloupce E-F-G-M: 07:00-1.0-18:00-3
2025-08-13 22:26:20 - hodiny2025_manager - INFO - Pracovní doba pro 2025-08-15 byla zapsána do listu 08hod25, řádek 17, sloupce E-F-G-M: 00:00-0-00:00-0
2025-08-13 22:27:57 - hodiny2025_manager - INFO - Hodiny2025Manager inicializován pro soubor: /workspaces/hodiny/excel/Hodiny2025.xlsx
2025-08-13 22:27:57 - hodiny2025_manager - INFO - Vytváří se testovací data pro Hodiny2025.xlsx
2025-08-13 22:28:03 - hodiny2025_manager - INFO - Pracovní doba pro 2025-01-02 byla zapsána do listu 01hod25, řádek 4, sloupce E-F-G-M: 07:00-0.5-15:30-3
2025-08-13 22:28:03 - hodiny2025_manager - INFO - ✅ Testovací záznam vytvořen: 2025-01-02
2025-08-13 22:28:09 - hodiny2025_manager - INFO - Pracovní doba pro 2025-01-03 byla zapsána do listu 01hod25, řádek 5, sloupce E-F-G-M: 07:00-1.0-16:00-3
2025-08-13 22:28:09 - hodiny2025_manager - INFO - ✅ Testovací záznam vytvořen: 2025-01-03
2025-08-13 22:28:15 - hodiny2025_manager - INFO - Pracovní doba pro 2025-01-06 byla zapsána do listu 01hod25, řádek 8, sloupce E-F-G-M: 08:00-0.5-16:30-2
2025-08-13 22:28:15 - hodiny2025_manager - INFO - ✅ Testovací záznam vytvořen: 2025-01-06
2025-08-13 22:28:21 - hodiny2025_manager - INFO - Pracovní doba pro 2025-01-07 byla zapsána do listu 01hod25, řádek 9, sloupce E-F-G-M: 07:30-1.0-15:30-4
2025-08-13 22:28:21 - hodiny2025_manager - INFO - ✅ Testovací záznam vytvořen: 2025-01-07
2025-08-13 22:28:27 - hodiny2025_manager - INFO - Pracovní doba pro 2025-01-08 byla zapsána do listu 01hod25, řádek 10, sloupce E-F-G-M: 07:00-1.0-17:00-3
2025-08-13 22:28:27 - hodiny2025_manager - INFO - ✅ Testovací záznam vytvořen: 2025-01-08
2025-08-13 22:28:29 - hodiny2025_manager - INFO - ✅ Vytvořen list pro měsíc 1: 01hod25
2025-08-13 22:28:32 - hodiny2025_manager - INFO - ✅ Vytvořen list pro měsíc 2: 02hod25
2025-08-13 22:28:34 - hodiny2025_manager - INFO - ✅ Vytvořen list pro měsíc 3: 03hod25
2025-08-13 22:28:34 - hodiny2025_manager - INFO - Testovací data byla vytvořena!
2025-08-13 22:28:40 - hodiny2025_manager - INFO - Pracovní doba pro 2025-08-13 byla zapsána do listu 08hod25, řádek 15, sloupce E-F-G-M: 08:00-1.0-16:30-5
2025-08-13 22:28:46 - hodiny2025_manager - INFO - Pracovní doba pro 2025-08-14 byla zapsána do listu 08hod25, řádek 16, sloupce E-F-G-M: 07:00-1.0-18:00-3
2025-08-13 22:28:53 - hodiny2025_manager - INFO - Pracovní doba pro 2025-08-15 byla zapsána do listu 08hod25, řádek 17, sloupce E-F-G-M: 00:00-0-00:00-0
2025-08-13 22:31:24 - hodiny2025_manager - INFO - Hodiny2025Manager inicializován pro soubor: /workspaces/hodiny/excel/Hodiny2025.xlsx
2025-08-13 22:31:24 - hodiny2025_manager - INFO - Vytváří se testovací data pro Hodiny2025.xlsx
2025-08-13 22:31:30 - hodiny2025_manager - INFO - Pracovní doba pro 2025-01-02 byla zapsána do listu 01hod25, řádek 4, sloupce E-F-G-M: 07:00-0.5-15:30-3
2025-08-13 22:31:30 - hodiny2025_manager - INFO - ✅ Testovací záznam vytvořen: 2025-01-02
2025-08-13 22:31:37 - hodiny2025_manager - INFO - Pracovní doba pro 2025-01-03 byla zapsána do listu 01hod25, řádek 5, sloupce E-F-G-M: 07:00-1.0-16:00-3
2025-08-13 22:31:37 - hodiny2025_manager - INFO - ✅ Testovací záznam vytvořen: 2025-01-03
2025-08-13 22:31:43 - hodiny2025_manager - INFO - Pracovní doba pro 2025-01-06 byla zapsána do listu 01hod25, řádek 8, sloupce E-F-G-M: 08:00-0.5-16:30-2
2025-08-13 22:31:43 - hodiny2025_manager - INFO - ✅ Testovací záznam vytvořen: 2025-01-06
2025-08-13 22:31:49 - hodiny2025_manager - INFO - Pracovní doba pro 2025-01-07 byla zapsána do listu 01hod25, řádek 9, sloupce E-F-G-M: 07:30-1.0-15:30-4
2025-08-13 22:31:49 - hodiny2025_manager - INFO - ✅ Testovací záznam vytvořen: 2025-01-07
2025-08-13 22:31:55 - hodiny2025_manager - INFO - Pracovní doba pro 2025-01-08 byla zapsána do listu 01hod25, řádek 10, sloupce E-F-G-M: 07:00-1.0-17:00-3
2025-08-13 22:31:55 - hodiny2025_manager - INFO - ✅ Testovací záznam vytvořen: 2025-01-08
2025-08-13 22:31:57 - hodiny2025_manager - INFO - ✅ Vytvořen list pro měsíc 1: 01hod25
2025-08-13 22:32:00 - hodiny2025_manager - INFO - ✅ Vytvořen list pro měsíc 2: 02hod25
2025-08-13 22:32:02 - hodiny2025_manager - INFO - ✅ Vytvořen list pro měsíc 3: 03hod25
2025-08-13 22:32:02 - hodiny2025_manager - INFO - Testovací data byla vytvořena!
2025-08-13 22:32:08 - hodiny2025_manager - INFO - Pracovní doba pro 2025-08-13 byla zapsána do listu 08hod25, řádek 15, sloupce E-F-G-M: 08:00-1.0-16:30-5
2025-08-13 22:32:14 - hodiny2025_manager - INFO - Pracovní doba pro 2025-08-14 byla zapsána do listu 08hod25, řádek 16, sloupce E-F-G-M: 07:00-1.0-18:00-3
2025-08-13 22:32:20 - hodiny2025_manager - INFO - Pracovní doba pro 2025-08-15 byla zapsána do listu 08hod25, řádek 17, sloupce E-F-G-M: 00:00-0-00:00-0
2025-08-14 19:14:43 - hodiny2025_manager - INFO - Hodiny2025Manager inicializován pro soubor: /workspaces/hodiny/excel/Hodiny2025.xlsx
2025-08-14 19:14:43 - hodiny2025_manager - INFO - Vytváří se testovací data pro Hodiny2025.xlsx
2025-08-14 19:14:49 - hodiny2025_manager - INFO - Pracovní doba pro 2025-01-02 byla zapsána do listu 01hod25, řádek 4, sloupce E-F-G-M: 07:00-0.5-15:30-3
2025-08-14 19:14:49 - hodiny2025_manager - INFO - ✅ Testovací záznam vytvořen: 2025-01-02
2025-08-14 19:14:55 - hodiny2025_manager - INFO - Pracovní doba pro 2025-01-03 byla zapsána do listu 01hod25, řádek 5, sloupce E-F-G-M: 07:00-1.0-16:00-3
2025-08-14 19:14:55 - hodiny2025_manager - INFO - ✅ Testovací záznam vytvořen: 2025-01-03
2025-08-14 19:15:02 - hodiny2025_manager - INFO - Pracovní doba pro 2025-01-06 byla zapsána do listu 01hod25, řádek 8, sloupce E-F-G-M: 08:00-0.5-16:30-2
2025-08-14 19:15:02 - hodiny2025_manager - INFO - ✅ Testovací záznam vytvořen: 2025-01-06
2025-08-14 19:15:08 - hodiny2025_manager - INFO - Pracovní doba pro 2025-01-07 byla zapsána do listu 01hod25, řádek 9, sloupce E-F-G-M: 07:30-1.0-15:30-4
2025-08-14 19:15:08 - hodiny2025_manager - INFO - ✅ Testovací záznam vytvořen: 2025-01-07
2025-08-14 19:15:14 - hodiny2025_manager - INFO - Pracovní doba pro 2025-01-08 byla zapsána do listu 01hod25, řádek 10, sloupce E-F-G-M: 07:00-1.0-17:00-3
2025-08-14 19:15:14 - hodiny2025_manager - INFO - ✅ Testovací záznam vytvořen: 2025-01-08
2025-08-14 19:15:17 - hodiny2025_manager - INFO - ✅ Vytvořen list pro měsíc 1: 01hod25
2025-08-14 19:15:19 - hodiny2025_manager - INFO - ✅ Vytvořen list pro měsíc 2: 02hod25
2025-08-14 19:15:22 - hodiny2025_manager - INFO - ✅ Vytvořen list pro měsíc 3: 03hod25
2025-08-14 19:15:22 - hodiny2025_manager - INFO - Testovací data byla vytvořena!
2025-08-14 19:15:28 - hodiny2025_manager - INFO - Pracovní doba pro 2025-08-13 byla zapsána do listu 08hod25, řádek 15, sloupce E-F-G-M: 08:00-1.0-16:30-5
2025-08-14 19:15:34 - hodiny2025_manager - INFO - Pracovní doba pro 2025-08-14 byla zapsána do listu 08hod25, řádek 16, sloupce E-F-G-M: 07:00-1.0-18:00-3
2025-08-14 19:15:40 - hodiny2025_manager - INFO - Pracovní doba pro 2025-08-15 byla zapsána do listu 08hod25, řádek 17, sloupce E-F-G-M: 00:00-0-00:00-0
2025-08-14 19:16:55 - hodiny2025_manager - INFO - Hodiny2025Manager inicializován pro soubor: /workspaces/hodiny/excel/Hodiny2025.xlsx
2025-08-14 19:16:55 - hodiny2025_manager - INFO - Vytváří se testovací data pro Hodiny2025.xlsx
2025-08-14 19:17:01 - hodiny2025_manager - INFO - Pracovní doba pro 2025-01-02 byla zapsána do listu 01hod25, řádek 4, sloupce E-F-G-M: 07:00-0.5-15:30-3
2025-08-14 19:17:01 - hodiny2025_manager - INFO - ✅ Testovací záznam vytvořen: 2025-01-02
2025-08-14 19:17:07 - hodiny2025_manager - INFO - Pracovní doba pro 2025-01-03 byla zapsána do listu 01hod25, řádek 5, sloupce E-F-G-M: 07:00-1.0-16:00-3
2025-08-14 19:17:07 - hodiny2025_manager - INFO - ✅ Testovací záznam vytvořen: 2025-01-03
2025-08-14 19:17:13 - hodiny2025_manager - INFO - Pracovní doba pro 2025-01-06 byla zapsána do listu 01hod25, řádek 8, sloupce E-F-G-M: 08:00-0.5-16:30-2
2025-08-14 19:17:13 - hodiny2025_manager - INFO - ✅ Testovací záznam vytvořen: 2025-01-06
2025-08-14 19:17:19 - hodiny2025_manager - INFO - Pracovní doba pro 2025-01-07 byla zapsána do listu 01hod25, řádek 9, sloupce E-F-G-M: 07:30-1.0-15:30-4
2025-08-14 19:17:19 - hodiny2025_manager - INFO - ✅ Testovací záznam vytvořen: 2025-01-07
2025-08-14 19:17:26 - hodiny2025_manager - INFO - Pracovní doba pro 2025-01-08 byla zapsána do listu 01hod25, řádek 10, sloupce E-F-G-M: 07:00-1.0-17:00-3
2025-08-14 19:17:26 - hodiny2025_manager - INFO - ✅ Testovací záznam vytvořen: 2025-01-08
2025-08-14 19:17:28 - hodiny2025_manager - INFO - ✅ Vytvořen list pro měsíc 1: 01hod25
2025-08-14 19:17:31 - hodiny2025_manager - INFO - ✅ Vytvořen list pro měsíc 2: 02hod25
2025-08-14 19:17:33 - hodiny2025_manager - INFO - ✅ Vytvořen list pro měsíc 3: 03hod25
2025-08-14 19:17:33 - hodiny2025_manager - INFO - Testovací data byla vytvořena!
2025-08-14 19:17:40 - hodiny2025_manager - INFO - Pracovní doba pro 2025-08-13 byla zapsána do listu 08hod25, řádek 15, sloupce E-F-G-M: 08:00-1.0-16:30-5
2025-08-14 19:17:46 - hodiny2025_manager - INFO - Pracovní doba pro 2025-08-14 byla zapsána do listu 08hod25, řádek 16, sloupce E-F-G-M: 07:00-1.0-18:00-3
2025-08-14 19:17:53 - hodiny2025_manager - INFO - Pracovní doba pro 2025-08-15 byla zapsána do listu 08hod25, řádek 17, sloupce E-F-G-M: 00:00-0-00:00-0
2025-08-14 19:19:38 - hodiny2025_manager - INFO - Hodiny2025Manager inicializován pro soubor: /workspaces/hodiny/excel/Hodiny2025.xlsx
2025-08-14 19:19:38 - hodiny2025_manager - INFO - Vytváří se testovací data pro Hodiny2025.xlsx
2025-08-14 19:19:44 - hodiny2025_manager - INFO - Pracovní doba pro 2025-01-02 byla zapsána do listu 01hod25, řádek 4, sloupce E-F-G-M: 07:00-0.5-15:30-3
2025-08-14 19:19:44 - hodiny2025_manager - INFO - ✅ Testovací záznam vytvořen: 2025-01-02
2025-08-14 19:19:51 - hodiny2025_manager - INFO - Pracovní doba pro 2025-01-03 byla zapsána do listu 01hod25, řádek 5, sloupce E-F-G-M: 07:00-1.0-16:00-3
2025-08-14 19:19:51 - hodiny2025_manager - INFO - ✅ Testovací záznam vytvořen: 2025-01-03
2025-08-14 19:19:57 - hodiny2025_manager - INFO - Pracovní doba pro 2025-01-06 byla zapsána do listu 01hod25, řádek 8, sloupce E-F-G-M: 08:00-0.5-16:30-2
2025-08-14 19:19:57 - hodiny2025_manager - INFO - ✅ Testovací záznam vytvořen: 2025-01-06
2025-08-14 19:20:06 - hodiny2025_manager - INFO - Pracovní doba pro 2025-01-07 byla zapsána do listu 01hod25, řádek 9, sloupce E-F-G-M: 07:30-1.0-15:30-4
2025-08-14 19:20:06 - hodiny2025_manager - INFO - ✅ Testovací záznam vytvořen: 2025-01-07
2025-08-14 19:20:13 - hodiny2025_manager - INFO - Pracovní doba pro 2025-01-08 byla zapsána do listu 01hod25, řádek 10, sloupce E-F-G-M: 07:00-1.0-17:00-3
2025-08-14 19:20:13 - hodiny2025_manager - INFO - ✅ Testovací záznam vytvořen: 2025-01-08
2025-08-14 19:20:16 - hodiny2025_manager - INFO - ✅ Vytvořen list pro měsíc 1: 01hod25
2025-08-14 19:20:18 - hodiny2025_manager - INFO - ✅ Vytvořen list pro měsíc 2: 02hod25
2025-08-14 19:20:20 - hodiny2025_manager - INFO - ✅ Vytvořen list pro měsíc 3: 03hod25
2025-08-14 19:20:20 - hodiny2025_manager - INFO - Testovací data byla vytvořena!
2025-08-14 19:20:27 - hodiny2025_manager - INFO - Pracovní doba pro 2025-08-13 byla zapsána do listu 08hod25, řádek 15, sloupce E-F-G-M: 08:00-1.0-16:30-5
2025-08-14 19:20:33 - hodiny2025_manager - INFO - Pracovní doba pro 2025-08-14 byla zapsána do listu 08hod25, řádek 16, sloupce E-F-G-M: 07:00-1.0-18:00-3
2025-08-14 19:20:39 - hodiny2025_manager - INFO - Pracovní doba pro 2025-08-15 byla zapsána do listu 08hod25, řádek 17, sloupce E-F-G-M: 00:00-0-00:00-0
2025-08-14 19:21:40 - hodiny2025_manager - INFO - Hodiny2025Manager inicializován pro soubor: /workspaces/hodiny/excel/Hodiny2025.xlsx
2025-08-14 19:21:40 - hodiny2025_manager - INFO - Vytváří se testovací data pro Hodiny2025.xlsx
2025-08-14 19:21:46 - hodiny2025_manager - INFO - Pracovní doba pro 2025-01-02 byla zapsána do listu 01hod25, řádek 4, sloupce E-F-G-M: 07:00-0.5-15:30-3
2025-08-14 19:21:46 - hodiny2025_manager - INFO - ✅ Testovací záznam vytvořen: 2025-01-02
2025-08-14 19:21:53 - hodiny2025_manager - INFO - Pracovní doba pro 2025-01-03 byla zapsána do listu 01hod25, řádek 5, sloupce E-F-G-M: 07:00-1.0-16:00-3
2025-08-14 19:21:53 - hodiny2025_manager - INFO - ✅ Testovací záznam vytvořen: 2025-01-03
2025-08-14 19:21:59 - hodiny2025_manager - INFO - Pracovní doba pro 2025-01-06 byla zapsána do listu 01hod25, řádek 8, sloupce E-F-G-M: 08:00-0.5-16:30-2
2025-08-14 19:21:59 - hodiny2025_manager - INFO - ✅ Testovací záznam vytvořen: 2025-01-06
2025-08-14 19:22:06 - hodiny2025_manager - INFO - Pracovní doba pro 2025-01-07 byla zapsána do listu 01hod25, řádek 9, sloupce E-F-G-M: 07:30-1.0-15:30-4
2025-08-14 19:22:06 - hodiny2025_manager - INFO - ✅ Testovací záznam vytvořen: 2025-01-07
2025-08-14 19:22:12 - hodiny2025_manager - INFO - Pracovní doba pro 2025-01-08 byla zapsána do listu 01hod25, řádek 10, sloupce E-F-G-M: 07:00-1.0-17:00-3
2025-08-14 19:22:12 - hodiny2025_manager - INFO - ✅ Testovací záznam vytvořen: 2025-01-08
2025-08-14 19:22:14 - hodiny2025_manager - INFO - ✅ Vytvořen list pro měsíc 1: 01hod25
2025-08-14 19:22:16 - hodiny2025_manager - INFO - ✅ Vytvořen list pro měsíc 2: 02hod25
2025-08-14 19:22:19 - hodiny2025_manager - INFO - ✅ Vytvořen list pro měsíc 3: 03hod25
2025-08-14 19:22:19 - hodiny2025_manager - INFO - Testovací data byla vytvořena!
2025-08-14 19:22:25 - hodiny2025_manager - INFO - Pracovní doba pro 2025-08-13 byla zapsána do listu 08hod25, řádek 15, sloupce E-F-G-M: 08:00-1.0-16:30-5
2025-08-14 19:22:31 - hodiny2025_manager - INFO - Pracovní doba pro 2025-08-14 byla zapsána do listu 08hod25, řádek 16, sloupce E-F-G-M: 07:00-1.0-18:00-3
2025-08-14 19:22:37 - hodiny2025_manager - INFO - Pracovní doba pro 2025-08-15 byla zapsána do listu 08hod25, řádek 17, sloupce E-F-G-M: 00:00-0-00:00-0
2025-08-14 19:36:02 - hodiny2025_manager - INFO - Vytváří se nový soubor: /home/runner/work/hodiny/hodiny/excel/Hodiny2025.xlsx
2025-08-14 20:19:24 - hodiny2025_manager - INFO - Hodiny2025Manager inicializován pro soubor: /workspaces/hodiny/excel/Hodiny2025.xlsx
2025-08-14 20:19:24 - hodiny2025_manager - INFO - Vytváří se testovací data pro Hodiny2025.xlsx
2025-08-14 20:19:30 - hodiny2025_manager - INFO - Pracovní doba pro 2025-01-02 byla zapsána do listu 01hod25, řádek 4, sloupce E-F-G-M: 07:00-0.5-15:30-3
2025-08-14 20:19:30 - hodiny2025_manager - INFO - ✅ Testovací záznam vytvořen: 2025-01-02
2025-08-14 20:19:36 - hodiny2025_manager - INFO - Pracovní doba pro 2025-01-03 byla zapsána do listu 01hod25, řádek 5, sloupce E-F-G-M: 07:00-1.0-16:00-3
2025-08-14 20:19:36 - hodiny2025_manager - INFO - ✅ Testovací záznam vytvořen: 2025-01-03
2025-08-14 20:19:42 - hodiny2025_manager - INFO - Pracovní doba pro 2025-01-06 byla zapsána do listu 01hod25, řádek 8, sloupce E-F-G-M: 08:00-0.5-16:30-2
2025-08-14 20:19:42 - hodiny2025_manager - INFO - ✅ Testovací záznam vytvořen: 2025-01-06
2025-08-14 20:19:49 - hodiny2025_manager - INFO - Pracovní doba pro 2025-01-07 byla zapsána do listu 01hod25, řádek 9, sloupce E-F-G-M: 07:30-1.0-15:30-4
2025-08-14 20:19:49 - hodiny2025_manager - INFO - ✅ Testovací záznam vytvořen: 2025-01-07
2025-08-14 20:19:55 - hodiny2025_manager - INFO - Pracovní doba pro 2025-01-08 byla zapsána do listu 01hod25, řádek 10, sloupce E-F-G-M: 07:00-1.0-17:00-3
2025-08-14 20:19:55 - hodiny2025_manager - INFO - ✅ Testovací záznam vytvořen: 2025-01-08
2025-08-14 20:19:57 - hodiny2025_manager - INFO - ✅ Vytvořen list pro měsíc 1: 01hod25
2025-08-14 20:20:00 - hodiny2025_manager - INFO - ✅ Vytvořen list pro měsíc 2: 02hod25
2025-08-14 20:20:02 - hodiny2025_manager - INFO - ✅ Vytvořen list pro měsíc 3: 03hod25
2025-08-14 20:20:02 - hodiny2025_manager - INFO - Testovací data byla vytvořena!
2025-08-14 20:20:33 - hodiny2025_manager - INFO - Hodiny2025Manager inicializován pro soubor: /workspaces/hodiny/excel/Hodiny2025.xlsx
2025-08-14 20:20:33 - hodiny2025_manager - INFO - Vytváří se testovací data pro Hodiny2025.xlsx
2025-08-14 20:20:38 - hodiny2025_manager - INFO - Pracovní doba pro 2025-01-02 byla zapsána do listu 01hod25, řádek 4, sloupce E-F-G-M: 07:00-0.5-15:30-3
2025-08-14 20:20:38 - hodiny2025_manager - INFO - ✅ Testovací záznam vytvořen: 2025-01-02
2025-08-14 20:20:43 - hodiny2025_manager - INFO - Pracovní doba pro 2025-01-03 byla zapsána do listu 01hod25, řádek 5, sloupce E-F-G-M: 07:00-1.0-16:00-3
2025-08-14 20:20:43 - hodiny2025_manager - INFO - ✅ Testovací záznam vytvořen: 2025-01-03
2025-08-14 20:20:48 - hodiny2025_manager - INFO - Pracovní doba pro 2025-01-06 byla zapsána do listu 01hod25, řádek 8, sloupce E-F-G-M: 08:00-0.5-16:30-2
2025-08-14 20:20:48 - hodiny2025_manager - INFO - ✅ Testovací záznam vytvořen: 2025-01-06
2025-08-14 20:20:53 - hodiny2025_manager - INFO - Pracovní doba pro 2025-01-07 byla zapsána do listu 01hod25, řádek 9, sloupce E-F-G-M: 07:30-1.0-15:30-4
2025-08-14 20:20:53 - hodiny2025_manager - INFO - ✅ Testovací záznam vytvořen: 2025-01-07
2025-08-14 20:20:58 - hodiny2025_manager - INFO - Pracovní doba pro 2025-01-08 byla zapsána do listu 01hod25, řádek 10, sloupce E-F-G-M: 07:00-1.0-17:00-3
2025-08-14 20:20:58 - hodiny2025_manager - INFO - ✅ Testovací záznam vytvořen: 2025-01-08
2025-08-14 20:21:00 - hodiny2025_manager - INFO - ✅ Vytvořen list pro měsíc 1: 01hod25
2025-08-14 20:21:02 - hodiny2025_manager - INFO - ✅ Vytvořen list pro měsíc 2: 02hod25
2025-08-14 20:21:04 - hodiny2025_manager - INFO - ✅ Vytvořen list pro měsíc 3: 03hod25
2025-08-14 20:21:04 - hodiny2025_manager - INFO - Testovací data byla vytvořena!
2025-08-14 20:21:09 - hodiny2025_manager - INFO - Pracovní doba pro 2025-08-13 byla zapsána do listu 08hod25, řádek 15, sloupce E-F-G-M: 08:00-1.0-16:30-5
2025-08-14 20:21:15 - hodiny2025_manager - INFO - Pracovní doba pro 2025-08-14 byla zapsána do listu 08hod25, řádek 16, sloupce E-F-G-M: 07:00-1.0-18:00-3
2025-08-14 20:21:20 - hodiny2025_manager - INFO - Pracovní doba pro 2025-08-15 byla zapsána do listu 08hod25, řádek 17, sloupce E-F-G-M: 00:00-0-00:00-0
2025-08-14 21:44:40 - hodiny2025_manager - INFO - Vytváří se nový soubor: /home/runner/work/hodiny/hodiny/excel/Hodiny2025.xlsx
2025-08-14 21:48:00 - hodiny2025_manager - INFO - Vytváří se nový soubor: /home/runner/work/hodiny/hodiny/excel/Hodiny2025.xlsx
2025-08-14 21:54:07 - hodiny2025_manager - INFO - Vytváří se nový soubor: /home/runner/work/hodiny/hodiny/excel/Hodiny2025.xlsx
2025-08-15 00:08:43 - hodiny2025_manager - INFO - Hodiny2025Manager inicializován pro soubor: /workspaces/hodiny/excel/Hodiny2025.xlsx
2025-08-15 00:08:43 - hodiny2025_manager - INFO - Vytváří se testovací data pro Hodiny2025.xlsx
2025-08-15 00:08:49 - hodiny2025_manager - INFO - Pracovní doba pro 2025-01-02 byla zapsána do listu 01hod25, řádek 4, sloupce E-F-G-M: 07:00-0.5-15:30-3
2025-08-15 00:08:49 - hodiny2025_manager - INFO - ✅ Testovací záznam vytvořen: 2025-01-02
2025-08-15 00:08:56 - hodiny2025_manager - INFO - Pracovní doba pro 2025-01-03 byla zapsána do listu 01hod25, řádek 5, sloupce E-F-G-M: 07:00-1.0-16:00-3
2025-08-15 00:08:56 - hodiny2025_manager - INFO - ✅ Testovací záznam vytvořen: 2025-01-03
2025-08-15 00:09:03 - hodiny2025_manager - INFO - Pracovní doba pro 2025-01-06 byla zapsána do listu 01hod25, řádek 8, sloupce E-F-G-M: 08:00-0.5-16:30-2
2025-08-15 00:09:03 - hodiny2025_manager - INFO - ✅ Testovací záznam vytvořen: 2025-01-06
2025-08-15 00:09:04 - hodiny2025_manager - INFO - Hodiny2025Manager inicializován pro soubor: /workspaces/hodiny/excel/Hodiny2025.xlsx
2025-08-15 00:09:04 - hodiny2025_manager - INFO - Vytváří se testovací data pro Hodiny2025.xlsx
2025-08-15 00:09:13 - hodiny2025_manager - ERROR - Chyba při zápisu pracovní doby pro 2025-01-02: Truncated file header
Traceback (most recent call last):
  File "/workspaces/hodiny/hodiny2025_manager.py", line 361, in zapis_pracovni_doby
    workbook = load_workbook(self.file_path)
               ^^^^^^^^^^^^^^^^^^^^^^^^^^^^^
  File "/home/codespace/.local/lib/python3.12/site-packages/openpyxl/reader/excel.py", line 346, in load_workbook
    reader.read()
  File "/home/codespace/.local/lib/python3.12/site-packages/openpyxl/reader/excel.py", line 301, in read
    self.read_worksheets()
  File "/home/codespace/.local/lib/python3.12/site-packages/openpyxl/reader/excel.py", line 225, in read_worksheets
    rels = get_dependents(self.archive, rels_path)
           ^^^^^^^^^^^^^^^^^^^^^^^^^^^^^^^^^^^^^^^
  File "/home/codespace/.local/lib/python3.12/site-packages/openpyxl/packaging/relationship.py", line 125, in get_dependents
    src = archive.read(filename)
          ^^^^^^^^^^^^^^^^^^^^^^
  File "/usr/local/python/3.12.1/lib/python3.12/zipfile/__init__.py", line 1550, in read
    with self.open(name, "r", pwd) as fp:
         ^^^^^^^^^^^^^^^^^^^^^^^^^
  File "/usr/local/python/3.12.1/lib/python3.12/zipfile/__init__.py", line 1605, in open
    raise BadZipFile("Truncated file header")
zipfile.BadZipFile: Truncated file header
2025-08-15 00:09:13 - hodiny2025_manager - ERROR - ❌ Chyba při vytváření testovacího záznamu 2025-01-02: Truncated file header
2025-08-15 00:09:13 - hodiny2025_manager - ERROR - Chyba při zápisu pracovní doby pro 2025-01-03: File is not a zip file
Traceback (most recent call last):
  File "/workspaces/hodiny/hodiny2025_manager.py", line 358, in zapis_pracovni_doby
    sheet = self.get_or_create_month_sheet(month, year)
            ^^^^^^^^^^^^^^^^^^^^^^^^^^^^^^^^^^^^^^^^^^^
  File "/workspaces/hodiny/hodiny2025_manager.py", line 321, in get_or_create_month_sheet
    workbook = load_workbook(self.file_path)
               ^^^^^^^^^^^^^^^^^^^^^^^^^^^^^
  File "/home/codespace/.local/lib/python3.12/site-packages/openpyxl/reader/excel.py", line 344, in load_workbook
    reader = ExcelReader(filename, read_only, keep_vba,
             ^^^^^^^^^^^^^^^^^^^^^^^^^^^^^^^^^^^^^^^^^^
  File "/home/codespace/.local/lib/python3.12/site-packages/openpyxl/reader/excel.py", line 123, in __init__
    self.archive = _validate_archive(fn)
                   ^^^^^^^^^^^^^^^^^^^^^
  File "/home/codespace/.local/lib/python3.12/site-packages/openpyxl/reader/excel.py", line 95, in _validate_archive
    archive = ZipFile(filename, 'r')
              ^^^^^^^^^^^^^^^^^^^^^^
  File "/usr/local/python/3.12.1/lib/python3.12/zipfile/__init__.py", line 1339, in __init__
    self._RealGetContents()
  File "/usr/local/python/3.12.1/lib/python3.12/zipfile/__init__.py", line 1406, in _RealGetContents
    raise BadZipFile("File is not a zip file")
zipfile.BadZipFile: File is not a zip file
2025-08-15 00:09:13 - hodiny2025_manager - ERROR - ❌ Chyba při vytváření testovacího záznamu 2025-01-03: File is not a zip file
2025-08-15 00:09:13 - hodiny2025_manager - ERROR - Chyba při zápisu pracovní doby pro 2025-01-06: File is not a zip file
Traceback (most recent call last):
  File "/workspaces/hodiny/hodiny2025_manager.py", line 358, in zapis_pracovni_doby
    sheet = self.get_or_create_month_sheet(month, year)
            ^^^^^^^^^^^^^^^^^^^^^^^^^^^^^^^^^^^^^^^^^^^
  File "/workspaces/hodiny/hodiny2025_manager.py", line 321, in get_or_create_month_sheet
    workbook = load_workbook(self.file_path)
               ^^^^^^^^^^^^^^^^^^^^^^^^^^^^^
  File "/home/codespace/.local/lib/python3.12/site-packages/openpyxl/reader/excel.py", line 344, in load_workbook
    reader = ExcelReader(filename, read_only, keep_vba,
             ^^^^^^^^^^^^^^^^^^^^^^^^^^^^^^^^^^^^^^^^^^
  File "/home/codespace/.local/lib/python3.12/site-packages/openpyxl/reader/excel.py", line 123, in __init__
    self.archive = _validate_archive(fn)
                   ^^^^^^^^^^^^^^^^^^^^^
  File "/home/codespace/.local/lib/python3.12/site-packages/openpyxl/reader/excel.py", line 95, in _validate_archive
    archive = ZipFile(filename, 'r')
              ^^^^^^^^^^^^^^^^^^^^^^
  File "/usr/local/python/3.12.1/lib/python3.12/zipfile/__init__.py", line 1339, in __init__
    self._RealGetContents()
  File "/usr/local/python/3.12.1/lib/python3.12/zipfile/__init__.py", line 1406, in _RealGetContents
    raise BadZipFile("File is not a zip file")
zipfile.BadZipFile: File is not a zip file
2025-08-15 00:09:13 - hodiny2025_manager - ERROR - ❌ Chyba při vytváření testovacího záznamu 2025-01-06: File is not a zip file
2025-08-15 00:09:13 - hodiny2025_manager - ERROR - Chyba při zápisu pracovní doby pro 2025-01-07: File is not a zip file
Traceback (most recent call last):
  File "/workspaces/hodiny/hodiny2025_manager.py", line 358, in zapis_pracovni_doby
    sheet = self.get_or_create_month_sheet(month, year)
            ^^^^^^^^^^^^^^^^^^^^^^^^^^^^^^^^^^^^^^^^^^^
  File "/workspaces/hodiny/hodiny2025_manager.py", line 321, in get_or_create_month_sheet
    workbook = load_workbook(self.file_path)
               ^^^^^^^^^^^^^^^^^^^^^^^^^^^^^
  File "/home/codespace/.local/lib/python3.12/site-packages/openpyxl/reader/excel.py", line 344, in load_workbook
    reader = ExcelReader(filename, read_only, keep_vba,
             ^^^^^^^^^^^^^^^^^^^^^^^^^^^^^^^^^^^^^^^^^^
  File "/home/codespace/.local/lib/python3.12/site-packages/openpyxl/reader/excel.py", line 123, in __init__
    self.archive = _validate_archive(fn)
                   ^^^^^^^^^^^^^^^^^^^^^
  File "/home/codespace/.local/lib/python3.12/site-packages/openpyxl/reader/excel.py", line 95, in _validate_archive
    archive = ZipFile(filename, 'r')
              ^^^^^^^^^^^^^^^^^^^^^^
  File "/usr/local/python/3.12.1/lib/python3.12/zipfile/__init__.py", line 1339, in __init__
    self._RealGetContents()
  File "/usr/local/python/3.12.1/lib/python3.12/zipfile/__init__.py", line 1406, in _RealGetContents
    raise BadZipFile("File is not a zip file")
zipfile.BadZipFile: File is not a zip file
2025-08-15 00:09:13 - hodiny2025_manager - ERROR - ❌ Chyba při vytváření testovacího záznamu 2025-01-07: File is not a zip file
2025-08-15 00:09:13 - hodiny2025_manager - ERROR - Chyba při zápisu pracovní doby pro 2025-01-08: File is not a zip file
Traceback (most recent call last):
  File "/workspaces/hodiny/hodiny2025_manager.py", line 358, in zapis_pracovni_doby
    sheet = self.get_or_create_month_sheet(month, year)
            ^^^^^^^^^^^^^^^^^^^^^^^^^^^^^^^^^^^^^^^^^^^
  File "/workspaces/hodiny/hodiny2025_manager.py", line 321, in get_or_create_month_sheet
    workbook = load_workbook(self.file_path)
               ^^^^^^^^^^^^^^^^^^^^^^^^^^^^^
  File "/home/codespace/.local/lib/python3.12/site-packages/openpyxl/reader/excel.py", line 344, in load_workbook
    reader = ExcelReader(filename, read_only, keep_vba,
             ^^^^^^^^^^^^^^^^^^^^^^^^^^^^^^^^^^^^^^^^^^
  File "/home/codespace/.local/lib/python3.12/site-packages/openpyxl/reader/excel.py", line 123, in __init__
    self.archive = _validate_archive(fn)
                   ^^^^^^^^^^^^^^^^^^^^^
  File "/home/codespace/.local/lib/python3.12/site-packages/openpyxl/reader/excel.py", line 95, in _validate_archive
    archive = ZipFile(filename, 'r')
              ^^^^^^^^^^^^^^^^^^^^^^
  File "/usr/local/python/3.12.1/lib/python3.12/zipfile/__init__.py", line 1339, in __init__
    self._RealGetContents()
  File "/usr/local/python/3.12.1/lib/python3.12/zipfile/__init__.py", line 1406, in _RealGetContents
    raise BadZipFile("File is not a zip file")
zipfile.BadZipFile: File is not a zip file
2025-08-15 00:09:13 - hodiny2025_manager - ERROR - ❌ Chyba při vytváření testovacího záznamu 2025-01-08: File is not a zip file
2025-08-15 00:09:13 - hodiny2025_manager - ERROR - ❌ Chyba při vytváření listu pro měsíc 1: File is not a zip file
2025-08-15 00:09:13 - hodiny2025_manager - ERROR - ❌ Chyba při vytváření listu pro měsíc 2: File is not a zip file
2025-08-15 00:09:13 - hodiny2025_manager - ERROR - ❌ Chyba při vytváření listu pro měsíc 3: File is not a zip file
2025-08-15 00:09:13 - hodiny2025_manager - INFO - Testovací data byla vytvořena!
2025-08-15 00:09:13 - hodiny2025_manager - ERROR - Chyba při zápisu pracovní doby pro 2025-08-13: File is not a zip file
Traceback (most recent call last):
  File "/workspaces/hodiny/hodiny2025_manager.py", line 358, in zapis_pracovni_doby
    sheet = self.get_or_create_month_sheet(month, year)
            ^^^^^^^^^^^^^^^^^^^^^^^^^^^^^^^^^^^^^^^^^^^
  File "/workspaces/hodiny/hodiny2025_manager.py", line 321, in get_or_create_month_sheet
    workbook = load_workbook(self.file_path)
               ^^^^^^^^^^^^^^^^^^^^^^^^^^^^^
  File "/home/codespace/.local/lib/python3.12/site-packages/openpyxl/reader/excel.py", line 344, in load_workbook
    reader = ExcelReader(filename, read_only, keep_vba,
             ^^^^^^^^^^^^^^^^^^^^^^^^^^^^^^^^^^^^^^^^^^
  File "/home/codespace/.local/lib/python3.12/site-packages/openpyxl/reader/excel.py", line 123, in __init__
    self.archive = _validate_archive(fn)
                   ^^^^^^^^^^^^^^^^^^^^^
  File "/home/codespace/.local/lib/python3.12/site-packages/openpyxl/reader/excel.py", line 95, in _validate_archive
    archive = ZipFile(filename, 'r')
              ^^^^^^^^^^^^^^^^^^^^^^
  File "/usr/local/python/3.12.1/lib/python3.12/zipfile/__init__.py", line 1339, in __init__
    self._RealGetContents()
  File "/usr/local/python/3.12.1/lib/python3.12/zipfile/__init__.py", line 1406, in _RealGetContents
    raise BadZipFile("File is not a zip file")
zipfile.BadZipFile: File is not a zip file
2025-08-15 00:09:13 - hodiny2025_manager - ERROR - Chyba při zápisu pracovní doby pro 2025-08-14: File is not a zip file
Traceback (most recent call last):
  File "/workspaces/hodiny/hodiny2025_manager.py", line 358, in zapis_pracovni_doby
    sheet = self.get_or_create_month_sheet(month, year)
            ^^^^^^^^^^^^^^^^^^^^^^^^^^^^^^^^^^^^^^^^^^^
  File "/workspaces/hodiny/hodiny2025_manager.py", line 321, in get_or_create_month_sheet
    workbook = load_workbook(self.file_path)
               ^^^^^^^^^^^^^^^^^^^^^^^^^^^^^
  File "/home/codespace/.local/lib/python3.12/site-packages/openpyxl/reader/excel.py", line 344, in load_workbook
    reader = ExcelReader(filename, read_only, keep_vba,
             ^^^^^^^^^^^^^^^^^^^^^^^^^^^^^^^^^^^^^^^^^^
  File "/home/codespace/.local/lib/python3.12/site-packages/openpyxl/reader/excel.py", line 123, in __init__
    self.archive = _validate_archive(fn)
                   ^^^^^^^^^^^^^^^^^^^^^
  File "/home/codespace/.local/lib/python3.12/site-packages/openpyxl/reader/excel.py", line 95, in _validate_archive
    archive = ZipFile(filename, 'r')
              ^^^^^^^^^^^^^^^^^^^^^^
  File "/usr/local/python/3.12.1/lib/python3.12/zipfile/__init__.py", line 1339, in __init__
    self._RealGetContents()
  File "/usr/local/python/3.12.1/lib/python3.12/zipfile/__init__.py", line 1406, in _RealGetContents
    raise BadZipFile("File is not a zip file")
zipfile.BadZipFile: File is not a zip file
2025-08-15 00:09:13 - hodiny2025_manager - ERROR - Chyba při zápisu pracovní doby pro 2025-08-15: File is not a zip file
Traceback (most recent call last):
  File "/workspaces/hodiny/hodiny2025_manager.py", line 358, in zapis_pracovni_doby
    sheet = self.get_or_create_month_sheet(month, year)
            ^^^^^^^^^^^^^^^^^^^^^^^^^^^^^^^^^^^^^^^^^^^
  File "/workspaces/hodiny/hodiny2025_manager.py", line 321, in get_or_create_month_sheet
    workbook = load_workbook(self.file_path)
               ^^^^^^^^^^^^^^^^^^^^^^^^^^^^^
  File "/home/codespace/.local/lib/python3.12/site-packages/openpyxl/reader/excel.py", line 344, in load_workbook
    reader = ExcelReader(filename, read_only, keep_vba,
             ^^^^^^^^^^^^^^^^^^^^^^^^^^^^^^^^^^^^^^^^^^
  File "/home/codespace/.local/lib/python3.12/site-packages/openpyxl/reader/excel.py", line 123, in __init__
    self.archive = _validate_archive(fn)
                   ^^^^^^^^^^^^^^^^^^^^^
  File "/home/codespace/.local/lib/python3.12/site-packages/openpyxl/reader/excel.py", line 95, in _validate_archive
    archive = ZipFile(filename, 'r')
              ^^^^^^^^^^^^^^^^^^^^^^
  File "/usr/local/python/3.12.1/lib/python3.12/zipfile/__init__.py", line 1339, in __init__
    self._RealGetContents()
  File "/usr/local/python/3.12.1/lib/python3.12/zipfile/__init__.py", line 1406, in _RealGetContents
    raise BadZipFile("File is not a zip file")
zipfile.BadZipFile: File is not a zip file
2025-08-15 00:09:13 - hodiny2025_manager - ERROR - Chyba při získávání záznamu pro 2025-08-13: File is not a zip file
2025-08-15 00:09:13 - hodiny2025_manager - ERROR - Chyba při získávání záznamu pro 2025-08-14: File is not a zip file
2025-08-15 00:09:13 - hodiny2025_manager - ERROR - Chyba při získávání záznamu pro 2025-08-15: File is not a zip file
2025-08-15 00:09:13 - hodiny2025_manager - ERROR - Chyba při získávání měsíčního souhrnu pro 8/2025: File is not a zip file
2025-08-15 00:09:16 - hodiny2025_manager - INFO - Pracovní doba pro 2025-01-07 byla zapsána do listu 01hod25, řádek 9, sloupce E-F-G-M: 07:30-1.0-15:30-4
2025-08-15 00:09:16 - hodiny2025_manager - INFO - ✅ Testovací záznam vytvořen: 2025-01-07
2025-08-15 00:09:22 - hodiny2025_manager - INFO - Pracovní doba pro 2025-01-08 byla zapsána do listu 01hod25, řádek 10, sloupce E-F-G-M: 07:00-1.0-17:00-3
2025-08-15 00:09:22 - hodiny2025_manager - INFO - ✅ Testovací záznam vytvořen: 2025-01-08
2025-08-15 00:09:25 - hodiny2025_manager - INFO - ✅ Vytvořen list pro měsíc 1: 01hod25
2025-08-15 00:09:27 - hodiny2025_manager - INFO - ✅ Vytvořen list pro měsíc 2: 02hod25
2025-08-15 00:09:29 - hodiny2025_manager - INFO - ✅ Vytvořen list pro měsíc 3: 03hod25
2025-08-15 00:09:29 - hodiny2025_manager - INFO - Testovací data byla vytvořena!
2025-08-15 00:09:36 - hodiny2025_manager - INFO - Pracovní doba pro 2025-08-13 byla zapsána do listu 08hod25, řádek 15, sloupce E-F-G-M: 08:00-1.0-16:30-5
2025-08-15 00:09:42 - hodiny2025_manager - INFO - Pracovní doba pro 2025-08-14 byla zapsána do listu 08hod25, řádek 16, sloupce E-F-G-M: 07:00-1.0-18:00-3
2025-08-15 00:09:48 - hodiny2025_manager - INFO - Pracovní doba pro 2025-08-15 byla zapsána do listu 08hod25, řádek 17, sloupce E-F-G-M: 00:00-0-00:00-0
